<?xml version="1.0" encoding="UTF-8"?>
<testsuite name="com.example.foo.FooTest" tests="2" skipped="1" failures="0" errors="0" timestamp="2014-09-17T17:49:08" hostname="local-ubuntu" time="0.034">
  <properties/>
  <testcase name="thisIsIgnored" classname="com.example.foo.FooTest" time="0.003">
    <skipped/>
  </testcase>
  <testcase name="thisAlwaysPasses" classname="com.example.foo.FooTest" time="0.009"/>
  <system-out><![CDATA[]]></system-out>
  <system-err><![CDATA[]]></system-err>
</testsuite>
